GROUP,PACKAGE,CLASS,INSTRUCTION_MISSED,INSTRUCTION_COVERED,BRANCH_MISSED,BRANCH_COVERED,LINE_MISSED,LINE_COVERED,COMPLEXITY_MISSED,COMPLEXITY_COVERED,METHOD_MISSED,METHOD_COVERED
tax-demo,com.skillstorm.taxdemo.controllers,CreditScoreController,122,0,2,0,30,0,9,0,8,0
tax-demo,com.skillstorm.taxdemo.models,CreditAccount,0,56,0,0,0,24,0,12,0,12
tax-demo,com.skillstorm.taxdemo.models,CreditScoreHistory,0,46,0,0,0,20,0,10,0,10
tax-demo,com.skillstorm.taxdemo.models,UserCreditData,0,126,0,0,0,52,0,26,0,26
tax-demo,com.skillstorm.taxdemo.services,CreditScoreService,211,296,16,16,48,49,17,10,6,5
tax-demo,com.skillstorm.taxdemo,TaxDemoApplication,8,0,0,0,3,0,2,0,2,0
