GROUP,PACKAGE,CLASS,INSTRUCTION_MISSED,INSTRUCTION_COVERED,BRANCH_MISSED,BRANCH_COVERED,LINE_MISSED,LINE_COVERED,COMPLEXITY_MISSED,COMPLEXITY_COVERED,METHOD_MISSED,METHOD_COVERED
tax-demo,com.skillstorm.taxdemo.controllers,CreditScoreController,0,122,0,2,0,30,0,9,0,8
tax-demo,com.skillstorm.taxdemo.models,CreditAccount,0,56,0,0,0,24,0,12,0,12
tax-demo,com.skillstorm.taxdemo.models,CreditScoreHistory,0,46,0,0,0,20,0,10,0,10
tax-demo,com.skillstorm.taxdemo.models,UserCreditData,0,126,0,0,0,52,0,26,0,26
tax-demo,com.skillstorm.taxdemo.services,CreditScoreService,198,309,11,21,44,53,10,17,4,7
tax-demo,com.skillstorm.taxdemo,TaxDemoApplication,5,3,0,0,2,1,1,1,1,1
